<?xml version="1.0" encoding="UTF-8"?>
<testng-results ignored="4" total="5" passed="1" failed="0" skipped="0">
  <reporter-output>
  </reporter-output>
  <suite started-at="2021-01-08T17:52:07 IST" name="Exception Test Suite" finished-at="2021-01-08T17:52:31 IST" duration-ms="24191">
    <groups>
    </groups>
    <test started-at="2021-01-08T17:52:07 IST" name="Exception Tests" finished-at="2021-01-08T17:52:31 IST" duration-ms="24191">
      <class name="com.herokuapp.theinternet.ExceptionsTests">
        <test-method is-config="true" signature="setUp(java.lang.String)[pri:0, instance:com.herokuapp.theinternet.ExceptionsTests@6b26e945]" started-at="2021-01-08T17:52:07 IST" name="setUp" finished-at="2021-01-08T17:52:14 IST" duration-ms="6395" status="PASS">
          <params>
            <param index="0">
              <value>
                <![CDATA[chrome]]>
              </value>
            </param>
          </params>
          <reporter-output>
          </reporter-output>
        </test-method> <!-- setUp -->
        <test-method signature="disabledElementTest()[pri:0, instance:com.herokuapp.theinternet.ExceptionsTests@6b26e945]" started-at="2021-01-08T17:52:14 IST" name="disabledElementTest" finished-at="2021-01-08T17:52:30 IST" duration-ms="16950" status="PASS">
          <reporter-output>
          </reporter-output>
        </test-method> <!-- disabledElementTest -->
        <test-method is-config="true" signature="tearDown()[pri:0, instance:com.herokuapp.theinternet.ExceptionsTests@6b26e945]" started-at="2021-01-08T17:52:30 IST" name="tearDown" finished-at="2021-01-08T17:52:31 IST" duration-ms="798" status="PASS">
          <reporter-output>
          </reporter-output>
        </test-method> <!-- tearDown -->
      </class> <!-- com.herokuapp.theinternet.ExceptionsTests -->
    </test> <!-- Exception Tests -->
  </suite> <!-- Exception Test Suite -->
</testng-results>
