<?xml version="1.0" encoding="UTF-8"?>
<!-- Generated by org.testng.reporters.JUnitXMLReporter -->
<testsuite ignored="4" hostname="Suraj-pc" failures="0" tests="1" name="Exception Tests" time="24.191" errors="0" timestamp="2021-01-08T17:52:31 IST">
  <testcase classname="com.herokuapp.theinternet.ExceptionsTests" name="disabledElementTest" time="16.95"/>
  <testcase classname="com.herokuapp.theinternet.ExceptionsTests" name="notVisibleTest" time="0.0">
    <ignored/>
  </testcase> <!-- notVisibleTest -->
  <testcase classname="com.herokuapp.theinternet.ExceptionsTests" name="noSuchElementTest" time="0.0">
    <ignored/>
  </testcase> <!-- noSuchElementTest -->
  <testcase classname="com.herokuapp.theinternet.ExceptionsTests" name="staleElementTest" time="0.0">
    <ignored/>
  </testcase> <!-- staleElementTest -->
  <testcase classname="com.herokuapp.theinternet.ExceptionsTests" name="timeOutTest" time="0.0">
    <ignored/>
  </testcase> <!-- timeOutTest -->
</testsuite> <!-- Exception Tests -->
