<?xml version="1.0" encoding="UTF-8"?>
<!-- Generated by org.testng.reporters.JUnitXMLReporter -->
<testsuite ignored="1" hostname="Suraj-pc" failures="0" tests="1" name="NegativeUserNameTests" time="52.269" errors="0" timestamp="2021-01-04T10:07:23 IST">
  <testcase classname="com.herokuapp.theinternet.LoginTest" name="negativeLoginTest" time="52.261"/>
  <testcase classname="com.herokuapp.theinternet.LoginTest" name="positiveLoginTest" time="0.0">
    <ignored/>
  </testcase> <!-- positiveLoginTest -->
</testsuite> <!-- NegativeUserNameTests -->
