<?xml version="1.0" encoding="UTF-8"?>
<!-- Generated by org.testng.reporters.JUnitXMLReporter -->
<testsuite ignored="1" hostname="Suraj-pc" failures="0" tests="1" name="NegativeTests" time="17.473" errors="0" timestamp="2021-01-04T08:35:25 IST">
  <testcase classname="com.herokuapp.theinternet.NegativeTests" name="incorrectPasswordTest" time="17.421"/>
  <testcase classname="com.herokuapp.theinternet.NegativeTests" name="incorrectUsernameTest" time="0.0">
    <ignored/>
  </testcase> <!-- incorrectUsernameTest -->
</testsuite> <!-- NegativeTests -->
