<?xml version="1.0" encoding="UTF-8"?>
<!-- Generated by org.testng.reporters.JUnitXMLReporter -->
<testsuite ignored="1" hostname="Suraj-pc" failures="0" tests="1" name="PositiveTests" time="27.975" errors="0" timestamp="2021-01-04T10:06:31 IST">
  <testcase classname="com.herokuapp.theinternet.LoginTest" name="positiveLoginTest" time="27.933"/>
  <testcase classname="com.herokuapp.theinternet.LoginTest" name="negativeLoginTest" time="0.0">
    <ignored/>
  </testcase> <!-- negativeLoginTest -->
</testsuite> <!-- PositiveTests -->
